# JRE version: Java(TM) SE Runtime Environment (10.0+46) (build 10+46)
# Java VM: Java HotSpot(TM) 64-Bit Server VM (10+46, mixed mode, tiered, compressed oops, g1 gc, windows-amd64)
Heap:
 garbage-first heap   total 262144K, used 152596K [0x00000006c1e00000, 0x00000007c0000000)
  region size 1024K, 101 young (103424K), 1 survivors (1024K)
 Metaspace       used 16621K, capacity 16999K, committed 17408K, reserved 1064960K
  class space    used 2001K, capacity 2186K, committed 2304K, reserved 1048576K
GC Heap History (10 events):
Event: 15.377 GC heap before
{Heap before GC invocations=1 (full 0):
 garbage-first heap   total 262144K, used 62359K [0x00000006c1e00000, 0x00000007c0000000)
  region size 1024K, 52 young (53248K), 3 survivors (3072K)
 Metaspace       used 16547K, capacity 16935K, committed 17408K, reserved 1064960K
  class space    used 1998K, capacity 2186K, committed 2304K, reserved 1048576K
}
Event: 15.395 GC heap after
{Heap after GC invocations=2 (full 0):
 garbage-first heap   total 262144K, used 48630K [0x00000006c1e00000, 0x00000007c0000000)
  region size 1024K, 7 young (7168K), 7 survivors (7168K)
 Metaspace       used 16547K, capacity 16935K, committed 17408K, reserved 1064960K
  class space    used 1998K, capacity 2186K, committed 2304K, reserved 1048576K
}
Event: 15.492 GC heap before
{Heap before GC invocations=2 (full 0):
 garbage-first heap   total 262144K, used 76278K [0x00000006c1e00000, 0x00000007c0000000)
  region size 1024K, 34 young (34816K), 7 survivors (7168K)
 Metaspace       used 16549K, capacity 16935K, committed 17408K, reserved 1064960K
  class space    used 1998K, capacity 2186K, committed 2304K, reserved 1048576K
}
Event: 15.497 GC heap after
{Heap after GC invocations=3 (full 0):
 garbage-first heap   total 262144K, used 51315K [0x00000006c1e00000, 0x00000007c0000000)
  region size 1024K, 1 young (1024K), 1 survivors (1024K)
 Metaspace       used 16549K, capacity 16935K, committed 17408K, reserved 1064960K
  class space    used 1998K, capacity 2186K, committed 2304K, reserved 1048576K
}
Event: 15.566 GC heap before
{Heap before GC invocations=3 (full 0):
 garbage-first heap   total 262144K, used 94323K [0x00000006c1e00000, 0x00000007c0000000)
  region size 1024K, 43 young (44032K), 1 survivors (1024K)
 Metaspace       used 16549K, capacity 16935K, committed 17408K, reserved 1064960K
  class space    used 1998K, capacity 2186K, committed 2304K, reserved 1048576K
}
Event: 15.567 GC heap after
{Heap after GC invocations=4 (full 0):
 garbage-first heap   total 262144K, used 51257K [0x00000006c1e00000, 0x00000007c0000000)
  region size 1024K, 1 young (1024K), 1 survivors (1024K)
 Metaspace       used 16549K, capacity 16935K, committed 17408K, reserved 1064960K
  class space    used 1998K, capacity 2186K, committed 2304K, reserved 1048576K
}
Event: 15.685 GC heap before
{Heap before GC invocations=4 (full 0):
 garbage-first heap   total 262144K, used 111673K [0x00000006c1e00000, 0x00000007c0000000)
  region size 1024K, 60 young (61440K), 1 survivors (1024K)
 Metaspace       used 16549K, capacity 16935K, committed 17408K, reserved 1064960K
  class space    used 1998K, capacity 2186K, committed 2304K, reserved 1048576K
}
Event: 15.685 GC heap after
{Heap after GC invocations=5 (full 0):
 garbage-first heap   total 262144K, used 51264K [0x00000006c1e00000, 0x00000007c0000000)
  region size 1024K, 1 young (1024K), 1 survivors (1024K)
 Metaspace       used 16549K, capacity 16935K, committed 17408K, reserved 1064960K
  class space    used 1998K, capacity 2186K, committed 2304K, reserved 1048576K
}
Event: 15.905 GC heap before
{Heap before GC invocations=5 (full 0):
 garbage-first heap   total 262144K, used 184384K [0x00000006c1e00000, 0x00000007c0000000)
  region size 1024K, 131 young (134144K), 1 survivors (1024K)
 Metaspace       used 16549K, capacity 16935K, committed 17408K, reserved 1064960K
  class space    used 1998K, capacity 2186K, committed 2304K, reserved 1048576K
}
Event: 15.906 GC heap after
{Heap after GC invocations=6 (full 0):
 garbage-first heap   total 262144K, used 51220K [0x00000006c1e00000, 0x00000007c0000000)
  region size 1024K, 1 young (1024K), 1 survivors (1024K)
 Metaspace       used 16549K, capacity 16935K, committed 17408K, reserved 1064960K
  class space    used 1998K, capacity 2186K, committed 2304K, reserved 1048576K
}

