# JRE version: Java(TM) SE Runtime Environment (10.0+46) (build 10+46)
# Java VM: Java HotSpot(TM) 64-Bit Server VM (10+46, mixed mode, tiered, compressed oops, g1 gc, windows-amd64)
Heap:
 garbage-first heap   total 262144K, used 125496K [0x00000006c1e00000, 0x00000007c0000000)
  region size 1024K, 74 young (75776K), 1 survivors (1024K)
 Metaspace       used 16965K, capacity 17354K, committed 17664K, reserved 1064960K
  class space    used 2052K, capacity 2258K, committed 2304K, reserved 1048576K
GC Heap History (10 events):
Event: 20.480 GC heap before
{Heap before GC invocations=1 (full 0):
 garbage-first heap   total 262144K, used 88759K [0x00000006c1e00000, 0x00000007c0000000)
  region size 1024K, 77 young (78848K), 3 survivors (3072K)
 Metaspace       used 16949K, capacity 17354K, committed 17664K, reserved 1064960K
  class space    used 2051K, capacity 2258K, committed 2304K, reserved 1048576K
}
Event: 20.499 GC heap after
{Heap after GC invocations=2 (full 0):
 garbage-first heap   total 262144K, used 49745K [0x00000006c1e00000, 0x00000007c0000000)
  region size 1024K, 10 young (10240K), 10 survivors (10240K)
 Metaspace       used 16949K, capacity 17354K, committed 17664K, reserved 1064960K
  class space    used 2051K, capacity 2258K, committed 2304K, reserved 1048576K
}
Event: 20.566 GC heap before
{Heap before GC invocations=2 (full 0):
 garbage-first heap   total 262144K, used 93777K [0x00000006c1e00000, 0x00000007c0000000)
  region size 1024K, 53 young (54272K), 10 survivors (10240K)
 Metaspace       used 16949K, capacity 17354K, committed 17664K, reserved 1064960K
  class space    used 2051K, capacity 2258K, committed 2304K, reserved 1048576K
}
Event: 20.570 GC heap after
{Heap after GC invocations=3 (full 0):
 garbage-first heap   total 262144K, used 52196K [0x00000006c1e00000, 0x00000007c0000000)
  region size 1024K, 1 young (1024K), 1 survivors (1024K)
 Metaspace       used 16949K, capacity 17354K, committed 17664K, reserved 1064960K
  class space    used 2051K, capacity 2258K, committed 2304K, reserved 1048576K
}
Event: 20.663 GC heap before
{Heap before GC invocations=3 (full 0):
 garbage-first heap   total 262144K, used 106468K [0x00000006c1e00000, 0x00000007c0000000)
  region size 1024K, 54 young (55296K), 1 survivors (1024K)
 Metaspace       used 16949K, capacity 17354K, committed 17664K, reserved 1064960K
  class space    used 2051K, capacity 2258K, committed 2304K, reserved 1048576K
}
Event: 20.664 GC heap after
{Heap after GC invocations=4 (full 0):
 garbage-first heap   total 262144K, used 51752K [0x00000006c1e00000, 0x00000007c0000000)
  region size 1024K, 1 young (1024K), 1 survivors (1024K)
 Metaspace       used 16949K, capacity 17354K, committed 17664K, reserved 1064960K
  class space    used 2051K, capacity 2258K, committed 2304K, reserved 1048576K
}
Event: 20.763 GC heap before
{Heap before GC invocations=4 (full 0):
 garbage-first heap   total 262144K, used 123432K [0x00000006c1e00000, 0x00000007c0000000)
  region size 1024K, 71 young (72704K), 1 survivors (1024K)
 Metaspace       used 16949K, capacity 17354K, committed 17664K, reserved 1064960K
  class space    used 2051K, capacity 2258K, committed 2304K, reserved 1048576K
}
Event: 20.763 GC heap after
{Heap after GC invocations=5 (full 0):
 garbage-first heap   total 262144K, used 51813K [0x00000006c1e00000, 0x00000007c0000000)
  region size 1024K, 1 young (1024K), 1 survivors (1024K)
 Metaspace       used 16949K, capacity 17354K, committed 17664K, reserved 1064960K
  class space    used 2051K, capacity 2258K, committed 2304K, reserved 1048576K
}
Event: 20.907 GC heap before
{Heap before GC invocations=5 (full 0):
 garbage-first heap   total 262144K, used 141925K [0x00000006c1e00000, 0x00000007c0000000)
  region size 1024K, 89 young (91136K), 1 survivors (1024K)
 Metaspace       used 16949K, capacity 17354K, committed 17664K, reserved 1064960K
  class space    used 2051K, capacity 2258K, committed 2304K, reserved 1048576K
}
Event: 20.908 GC heap after
{Heap after GC invocations=6 (full 0):
 garbage-first heap   total 262144K, used 51768K [0x00000006c1e00000, 0x00000007c0000000)
  region size 1024K, 1 young (1024K), 1 survivors (1024K)
 Metaspace       used 16949K, capacity 17354K, committed 17664K, reserved 1064960K
  class space    used 2051K, capacity 2258K, committed 2304K, reserved 1048576K
}

