# JRE version: Java(TM) SE Runtime Environment (10.0+46) (build 10+46)
# Java VM: Java HotSpot(TM) 64-Bit Server VM (10+46, mixed mode, tiered, compressed oops, g1 gc, windows-amd64)
Heap:
 garbage-first heap   total 262144K, used 142354K [0x00000006c1e00000, 0x00000007c0000000)
  region size 1024K, 91 young (93184K), 1 survivors (1024K)
 Metaspace       used 16560K, capacity 16939K, committed 17408K, reserved 1064960K
  class space    used 1998K, capacity 2186K, committed 2304K, reserved 1048576K
GC Heap History (10 events):
Event: 25.888 GC heap before
{Heap before GC invocations=1 (full 0):
 garbage-first heap   total 262144K, used 69465K [0x00000006c1e00000, 0x00000007c0000000)
  region size 1024K, 58 young (59392K), 3 survivors (3072K)
 Metaspace       used 16528K, capacity 16939K, committed 17408K, reserved 1064960K
  class space    used 1997K, capacity 2186K, committed 2304K, reserved 1048576K
}
Event: 25.904 GC heap after
{Heap after GC invocations=2 (full 0):
 garbage-first heap   total 262144K, used 48559K [0x00000006c1e00000, 0x00000007c0000000)
  region size 1024K, 8 young (8192K), 8 survivors (8192K)
 Metaspace       used 16528K, capacity 16939K, committed 17408K, reserved 1064960K
  class space    used 1997K, capacity 2186K, committed 2304K, reserved 1048576K
}
Event: 26.000 GC heap before
{Heap before GC invocations=2 (full 0):
 garbage-first heap   total 262144K, used 78255K [0x00000006c1e00000, 0x00000007c0000000)
  region size 1024K, 37 young (37888K), 8 survivors (8192K)
 Metaspace       used 16528K, capacity 16939K, committed 17408K, reserved 1064960K
  class space    used 1997K, capacity 2186K, committed 2304K, reserved 1048576K
}
Event: 26.006 GC heap after
{Heap after GC invocations=3 (full 0):
 garbage-first heap   total 262144K, used 51598K [0x00000006c1e00000, 0x00000007c0000000)
  region size 1024K, 1 young (1024K), 1 survivors (1024K)
 Metaspace       used 16528K, capacity 16939K, committed 17408K, reserved 1064960K
  class space    used 1997K, capacity 2186K, committed 2304K, reserved 1048576K
}
Event: 26.064 GC heap before
{Heap before GC invocations=3 (full 0):
 garbage-first heap   total 262144K, used 96654K [0x00000006c1e00000, 0x00000007c0000000)
  region size 1024K, 45 young (46080K), 1 survivors (1024K)
 Metaspace       used 16528K, capacity 16939K, committed 17408K, reserved 1064960K
  class space    used 1997K, capacity 2186K, committed 2304K, reserved 1048576K
}
Event: 26.065 GC heap after
{Heap after GC invocations=4 (full 0):
 garbage-first heap   total 262144K, used 51266K [0x00000006c1e00000, 0x00000007c0000000)
  region size 1024K, 1 young (1024K), 1 survivors (1024K)
 Metaspace       used 16528K, capacity 16939K, committed 17408K, reserved 1064960K
  class space    used 1997K, capacity 2186K, committed 2304K, reserved 1048576K
}
Event: 26.185 GC heap before
{Heap before GC invocations=4 (full 0):
 garbage-first heap   total 262144K, used 112706K [0x00000006c1e00000, 0x00000007c0000000)
  region size 1024K, 61 young (62464K), 1 survivors (1024K)
 Metaspace       used 16528K, capacity 16939K, committed 17408K, reserved 1064960K
  class space    used 1997K, capacity 2186K, committed 2304K, reserved 1048576K
}
Event: 26.186 GC heap after
{Heap after GC invocations=5 (full 0):
 garbage-first heap   total 262144K, used 51224K [0x00000006c1e00000, 0x00000007c0000000)
  region size 1024K, 1 young (1024K), 1 survivors (1024K)
 Metaspace       used 16528K, capacity 16939K, committed 17408K, reserved 1064960K
  class space    used 1997K, capacity 2186K, committed 2304K, reserved 1048576K
}
Event: 26.385 GC heap before
{Heap before GC invocations=5 (full 0):
 garbage-first heap   total 262144K, used 177176K [0x00000006c1e00000, 0x00000007c0000000)
  region size 1024K, 124 young (126976K), 1 survivors (1024K)
 Metaspace       used 16528K, capacity 16939K, committed 17408K, reserved 1064960K
  class space    used 1997K, capacity 2186K, committed 2304K, reserved 1048576K
}
Event: 26.386 GC heap after
{Heap after GC invocations=6 (full 0):
 garbage-first heap   total 262144K, used 51218K [0x00000006c1e00000, 0x00000007c0000000)
  region size 1024K, 1 young (1024K), 1 survivors (1024K)
 Metaspace       used 16528K, capacity 16939K, committed 17408K, reserved 1064960K
  class space    used 1997K, capacity 2186K, committed 2304K, reserved 1048576K
}

